<?xml version="1.0" encoding="UTF-8"?>
<testng-results ignored="0" total="1" passed="0" failed="1" skipped="0">
  <reporter-output>
  </reporter-output>
  <suite started-at="2023-10-03T16:48:59 IST" name="Default suite" finished-at="2023-10-03T16:49:14 IST" duration-ms="15762">
    <groups>
    </groups>
    <test started-at="2023-10-03T16:48:59 IST" name="Default test" finished-at="2023-10-03T16:49:14 IST" duration-ms="15762">
      <class name="pages.startAppium">
        <test-method signature="AppiumTest()[pri:0, instance:pages.startAppium@659499f1]" started-at="2023-10-03T16:48:59 IST" name="AppiumTest" finished-at="2023-10-03T16:49:14 IST" duration-ms="15670" status="FAIL">
          <exception class="org.openqa.selenium.SessionNotCreatedException">
            <message>
              <![CDATA[Could not start a new session. Response code 500. Message: A new session could not be created. Details: 'noReset' must be of type boolean 
Host info: host: 'DESKTOP-0Q0JF8F', ip: '192.168.0.107'
Build info: version: '4.13.0', revision: 'ba948ece5b*'
System info: os.name: 'Windows 10', os.arch: 'amd64', os.version: '10.0', java.version: '17.0.4.1'
Driver info: io.appium.java_client.AppiumDriver
Command: [null, newSession {capabilities=[{appium:aap.package=io.appium.android.apis, appium:app=C://Users//Admin//eclipse-workspace//TobiUI//src//test//java//resources//ApiDemos-debug.apk, appium:app.activity=io.appium.android.apis.ApiDemos, appium:autoAcceptAlerts=true, appium:autoGrantPermissions=true, appium:automationName=UiAutomator2, appium:deviceName=Supriya, appium:fullReset=false, appium:noReset=True, platformName=ANDROID, appium:platformVersion=11.0}], desiredCapabilities=Capabilities {aap.package: io.appium.android.apis, app: C://Users//Admin//eclipse-w..., app.activity: io.appium.android.apis.ApiD..., autoAcceptAlerts: true, autoGrantPermissions: true, automationName: UiAutomator2, deviceName: Supriya, fullReset: false, noReset: True, platformName: ANDROID, platformVersion: 11.0}}]
Capabilities {aap.package: io.appium.android.apis, app: C://Users//Admin//eclipse-w..., app.activity: io.appium.android.apis.ApiD..., autoAcceptAlerts: true, autoGrantPermissions: true, automationName: UiAutomator2, deviceName: Supriya, fullReset: false, noReset: True, platformName: ANDROID, platformVersion: 11.0}]]>
            </message>
            <full-stacktrace>
              <![CDATA[org.openqa.selenium.SessionNotCreatedException: Could not start a new session. Response code 500. Message: A new session could not be created. Details: 'noReset' must be of type boolean 
Host info: host: 'DESKTOP-0Q0JF8F', ip: '192.168.0.107'
Build info: version: '4.13.0', revision: 'ba948ece5b*'
System info: os.name: 'Windows 10', os.arch: 'amd64', os.version: '10.0', java.version: '17.0.4.1'
Driver info: io.appium.java_client.AppiumDriver
Command: [null, newSession {capabilities=[{appium:aap.package=io.appium.android.apis, appium:app=C://Users//Admin//eclipse-workspace//TobiUI//src//test//java//resources//ApiDemos-debug.apk, appium:app.activity=io.appium.android.apis.ApiDemos, appium:autoAcceptAlerts=true, appium:autoGrantPermissions=true, appium:automationName=UiAutomator2, appium:deviceName=Supriya, appium:fullReset=false, appium:noReset=True, platformName=ANDROID, appium:platformVersion=11.0}], desiredCapabilities=Capabilities {aap.package: io.appium.android.apis, app: C://Users//Admin//eclipse-w..., app.activity: io.appium.android.apis.ApiD..., autoAcceptAlerts: true, autoGrantPermissions: true, automationName: UiAutomator2, deviceName: Supriya, fullReset: false, noReset: True, platformName: ANDROID, platformVersion: 11.0}}]
Capabilities {aap.package: io.appium.android.apis, app: C://Users//Admin//eclipse-w..., app.activity: io.appium.android.apis.ApiD..., autoAcceptAlerts: true, autoGrantPermissions: true, automationName: UiAutomator2, deviceName: Supriya, fullReset: false, noReset: True, platformName: ANDROID, platformVersion: 11.0}
at org.openqa.selenium.remote.ProtocolHandshake.createSession(ProtocolHandshake.java:140)
at java.base/jdk.internal.reflect.NativeMethodAccessorImpl.invoke0(Native Method)
at java.base/jdk.internal.reflect.NativeMethodAccessorImpl.invoke(NativeMethodAccessorImpl.java:77)
at java.base/jdk.internal.reflect.DelegatingMethodAccessorImpl.invoke(DelegatingMethodAccessorImpl.java:43)
at java.base/java.lang.reflect.Method.invoke(Method.java:568)
at io.appium.java_client.remote.AppiumProtocolHandshake.createSession(AppiumProtocolHandshake.java:133)
at io.appium.java_client.remote.AppiumProtocolHandshake.createSession(AppiumProtocolHandshake.java:102)
at io.appium.java_client.remote.AppiumCommandExecutor.createSession(AppiumCommandExecutor.java:182)
at io.appium.java_client.remote.AppiumCommandExecutor.execute(AppiumCommandExecutor.java:250)
at org.openqa.selenium.remote.RemoteWebDriver.execute(RemoteWebDriver.java:602)
at io.appium.java_client.AppiumDriver.startSession(AppiumDriver.java:274)
at org.openqa.selenium.remote.RemoteWebDriver.<init>(RemoteWebDriver.java:163)
at io.appium.java_client.AppiumDriver.<init>(AppiumDriver.java:89)
at io.appium.java_client.AppiumDriver.<init>(AppiumDriver.java:101)
at pages.startAppium.AppiumTest(startAppium.java:64)
at java.base/jdk.internal.reflect.NativeMethodAccessorImpl.invoke0(Native Method)
at java.base/jdk.internal.reflect.NativeMethodAccessorImpl.invoke(NativeMethodAccessorImpl.java:77)
at java.base/jdk.internal.reflect.DelegatingMethodAccessorImpl.invoke(DelegatingMethodAccessorImpl.java:43)
at java.base/java.lang.reflect.Method.invoke(Method.java:568)
at org.testng.internal.invokers.MethodInvocationHelper.invokeMethod(MethodInvocationHelper.java:139)
at org.testng.internal.invokers.TestInvoker.invokeMethod(TestInvoker.java:677)
at org.testng.internal.invokers.TestInvoker.invokeTestMethod(TestInvoker.java:221)
at org.testng.internal.invokers.MethodRunner.runInSequence(MethodRunner.java:50)
at org.testng.internal.invokers.TestInvoker$MethodInvocationAgent.invoke(TestInvoker.java:969)
at org.testng.internal.invokers.TestInvoker.invokeTestMethods(TestInvoker.java:194)
at org.testng.internal.invokers.TestMethodWorker.invokeTestMethods(TestMethodWorker.java:148)
at org.testng.internal.invokers.TestMethodWorker.run(TestMethodWorker.java:128)
at java.base/java.util.ArrayList.forEach(ArrayList.java:1511)
at org.testng.TestRunner.privateRun(TestRunner.java:829)
at org.testng.TestRunner.run(TestRunner.java:602)
at org.testng.SuiteRunner.runTest(SuiteRunner.java:437)
at org.testng.SuiteRunner.runSequentially(SuiteRunner.java:431)
at org.testng.SuiteRunner.privateRun(SuiteRunner.java:391)
at org.testng.SuiteRunner.run(SuiteRunner.java:330)
at org.testng.SuiteRunnerWorker.runSuite(SuiteRunnerWorker.java:52)
at org.testng.SuiteRunnerWorker.run(SuiteRunnerWorker.java:95)
at org.testng.TestNG.runSuitesSequentially(TestNG.java:1256)
at org.testng.TestNG.runSuitesLocally(TestNG.java:1176)
at org.testng.TestNG.runSuites(TestNG.java:1099)
at org.testng.TestNG.run(TestNG.java:1067)
at org.testng.remote.AbstractRemoteTestNG.run(AbstractRemoteTestNG.java:115)
at org.testng.remote.RemoteTestNG.initAndRun(RemoteTestNG.java:251)
at org.testng.remote.RemoteTestNG.main(RemoteTestNG.java:77)
]]>
            </full-stacktrace>
          </exception> <!-- org.openqa.selenium.SessionNotCreatedException -->
          <reporter-output>
          </reporter-output>
        </test-method> <!-- AppiumTest -->
      </class> <!-- pages.startAppium -->
    </test> <!-- Default test -->
  </suite> <!-- Default suite -->
</testng-results>
